# JRE version: Java(TM) SE Runtime Environment (22.0.2+9) (build 22.0.2+9-70)
# Java VM: Java HotSpot(TM) 64-Bit Server VM (22.0.2+9-70, mixed mode, tiered, compressed oops, compressed class ptrs, g1 gc, windows-amd64)
GC Precious Log:
 CardTable entry size: 512
 Card Set container configuration: InlinePtr #cards 4 size 8 Array Of Cards #cards 16 size 48 Howl #buckets 8 coarsen threshold 3686 Howl Bitmap #cards 512 size 80 coarsen threshold 460 Card regions per heap region 1 cards per card region 4096
 CPUs: 8 total, 8 available
 Memory: 16099M
 Large Page Support: Disabled
 NUMA Support: Disabled
 Compressed Oops: Enabled (Zero based)
 Heap Region Size: 2M
 Heap Min Capacity: 8M
 Heap Initial Capacity: 252M
 Heap Max Capacity: 4026M
 Pre-touch: Disabled
 Parallel Workers: 8
 Concurrent Workers: 2
 Concurrent Refinement Workers: 8
 Periodic GC: Disabled
Heap:
 garbage-first heap   total reserved 4122624K, committed 45056K, used 20594K [0x0000000704600000, 0x0000000800000000)
  region size 2048K, 4 young (8192K), 1 survivors (2048K)
 Metaspace       used 39610K, committed 40064K, reserved 1114112K
  class space    used 4965K, committed 5184K, reserved 1048576K
GC Heap History (20 events):
Event: 0.680 GC heap before
{Heap before GC invocations=0 (full 0):
 garbage-first heap   total reserved 4122624K, committed 258048K, used 22528K [0x0000000704600000, 0x0000000800000000)
  region size 2048K, 12 young (24576K), 0 survivors (0K)
 Metaspace       used 12105K, committed 12352K, reserved 1114112K
  class space    used 1178K, committed 1280K, reserved 1048576K
}
Event: 0.683 GC heap after
{Heap after GC invocations=1 (full 0):
 garbage-first heap   total reserved 4122624K, committed 258048K, used 2730K [0x0000000704600000, 0x0000000800000000)
  region size 2048K, 2 young (4096K), 2 survivors (4096K)
 Metaspace       used 12105K, committed 12352K, reserved 1114112K
  class space    used 1178K, committed 1280K, reserved 1048576K
}
Event: 1.454 GC heap before
{Heap before GC invocations=1 (full 0):
 garbage-first heap   total reserved 4122624K, committed 258048K, used 31402K [0x0000000704600000, 0x0000000800000000)
  region size 2048K, 18 young (36864K), 2 survivors (4096K)
 Metaspace       used 21153K, committed 21504K, reserved 1114112K
  class space    used 2417K, committed 2624K, reserved 1048576K
}
Event: 1.461 GC heap after
{Heap after GC invocations=2 (full 0):
 garbage-first heap   total reserved 4122624K, committed 258048K, used 8497K [0x0000000704600000, 0x0000000800000000)
  region size 2048K, 4 young (8192K), 4 survivors (8192K)
 Metaspace       used 21153K, committed 21504K, reserved 1114112K
  class space    used 2417K, committed 2624K, reserved 1048576K
}
Event: 1.818 GC heap before
{Heap before GC invocations=3 (full 0):
 garbage-first heap   total reserved 4122624K, committed 34816K, used 33073K [0x0000000704600000, 0x0000000800000000)
  region size 2048K, 16 young (32768K), 4 survivors (8192K)
 Metaspace       used 25590K, committed 25984K, reserved 1114112K
  class space    used 3400K, committed 3584K, reserved 1048576K
}
Event: 1.826 GC heap after
{Heap after GC invocations=4 (full 0):
 garbage-first heap   total reserved 4122624K, committed 45056K, used 9887K [0x0000000704600000, 0x0000000800000000)
  region size 2048K, 1 young (2048K), 1 survivors (2048K)
 Metaspace       used 25590K, committed 25984K, reserved 1114112K
  class space    used 3400K, committed 3584K, reserved 1048576K
}
Event: 22.183 GC heap before
{Heap before GC invocations=4 (full 0):
 garbage-first heap   total reserved 4122624K, committed 45056K, used 32415K [0x0000000704600000, 0x0000000800000000)
  region size 2048K, 12 young (24576K), 1 survivors (2048K)
 Metaspace       used 31134K, committed 31488K, reserved 1114112K
  class space    used 4031K, committed 4160K, reserved 1048576K
}
Event: 22.186 GC heap after
{Heap after GC invocations=5 (full 0):
 garbage-first heap   total reserved 4122624K, committed 45056K, used 13965K [0x0000000704600000, 0x0000000800000000)
  region size 2048K, 2 young (4096K), 2 survivors (4096K)
 Metaspace       used 31134K, committed 31488K, reserved 1114112K
  class space    used 4031K, committed 4160K, reserved 1048576K
}
Event: 22.535 GC heap before
{Heap before GC invocations=5 (full 0):
 garbage-first heap   total reserved 4122624K, committed 45056K, used 24205K [0x0000000704600000, 0x0000000800000000)
  region size 2048K, 9 young (18432K), 2 survivors (4096K)
 Metaspace       used 35573K, committed 35968K, reserved 1114112K
  class space    used 4530K, committed 4736K, reserved 1048576K
}
Event: 22.539 GC heap after
{Heap after GC invocations=6 (full 0):
 garbage-first heap   total reserved 4122624K, committed 45056K, used 15522K [0x0000000704600000, 0x0000000800000000)
  region size 2048K, 2 young (4096K), 2 survivors (4096K)
 Metaspace       used 35573K, committed 35968K, reserved 1114112K
  class space    used 4530K, committed 4736K, reserved 1048576K
}
Event: 516.727 GC heap before
{Heap before GC invocations=7 (full 0):
 garbage-first heap   total reserved 4122624K, committed 45056K, used 33954K [0x0000000704600000, 0x0000000800000000)
  region size 2048K, 12 young (24576K), 2 survivors (4096K)
 Metaspace       used 39086K, committed 39488K, reserved 1114112K
  class space    used 4950K, committed 5120K, reserved 1048576K
}
Event: 516.741 GC heap after
{Heap after GC invocations=8 (full 0):
 garbage-first heap   total reserved 4122624K, committed 45056K, used 16751K [0x0000000704600000, 0x0000000800000000)
  region size 2048K, 2 young (4096K), 2 survivors (4096K)
 Metaspace       used 39086K, committed 39488K, reserved 1114112K
  class space    used 4950K, committed 5120K, reserved 1048576K
}
Event: 1765.100 GC heap before
{Heap before GC invocations=8 (full 0):
 garbage-first heap   total reserved 4122624K, committed 45056K, used 35183K [0x0000000704600000, 0x0000000800000000)
  region size 2048K, 11 young (22528K), 2 survivors (4096K)
 Metaspace       used 39346K, committed 39744K, reserved 1114112K
  class space    used 4950K, committed 5120K, reserved 1048576K
}
Event: 1765.113 GC heap after
{Heap after GC invocations=9 (full 0):
 garbage-first heap   total reserved 4122624K, committed 45056K, used 16885K [0x0000000704600000, 0x0000000800000000)
  region size 2048K, 1 young (2048K), 1 survivors (2048K)
 Metaspace       used 39346K, committed 39744K, reserved 1114112K
  class space    used 4950K, committed 5120K, reserved 1048576K
}
Event: 5734.795 GC heap before
{Heap before GC invocations=9 (full 0):
 garbage-first heap   total reserved 4122624K, committed 45056K, used 37365K [0x0000000704600000, 0x0000000800000000)
  region size 2048K, 11 young (22528K), 1 survivors (2048K)
 Metaspace       used 39506K, committed 39936K, reserved 1114112K
  class space    used 4963K, committed 5120K, reserved 1048576K
}
Event: 5734.802 GC heap after
{Heap after GC invocations=10 (full 0):
 garbage-first heap   total reserved 4122624K, committed 45056K, used 16771K [0x0000000704600000, 0x0000000800000000)
  region size 2048K, 1 young (2048K), 1 survivors (2048K)
 Metaspace       used 39506K, committed 39936K, reserved 1114112K
  class space    used 4963K, committed 5120K, reserved 1048576K
}
Event: 7199.710 GC heap before
{Heap before GC invocations=10 (full 0):
 garbage-first heap   total reserved 4122624K, committed 45056K, used 37251K [0x0000000704600000, 0x0000000800000000)
  region size 2048K, 11 young (22528K), 1 survivors (2048K)
 Metaspace       used 39518K, committed 40000K, reserved 1114112K
  class space    used 4964K, committed 5184K, reserved 1048576K
}
Event: 7199.717 GC heap after
{Heap after GC invocations=11 (full 0):
 garbage-first heap   total reserved 4122624K, committed 45056K, used 16664K [0x0000000704600000, 0x0000000800000000)
  region size 2048K, 1 young (2048K), 1 survivors (2048K)
 Metaspace       used 39518K, committed 40000K, reserved 1114112K
  class space    used 4964K, committed 5184K, reserved 1048576K
}
Event: 15020.247 GC heap before
{Heap before GC invocations=11 (full 0):
 garbage-first heap   total reserved 4122624K, committed 45056K, used 37144K [0x0000000704600000, 0x0000000800000000)
  region size 2048K, 11 young (22528K), 1 survivors (2048K)
 Metaspace       used 39563K, committed 40000K, reserved 1114112K
  class space    used 4965K, committed 5184K, reserved 1048576K
}
Event: 15020.260 GC heap after
{Heap after GC invocations=12 (full 0):
 garbage-first heap   total reserved 4122624K, committed 45056K, used 16498K [0x0000000704600000, 0x0000000800000000)
  region size 2048K, 1 young (2048K), 1 survivors (2048K)
 Metaspace       used 39563K, committed 40000K, reserved 1114112K
  class space    used 4965K, committed 5184K, reserved 1048576K
}

